Full Precision:
fft(1024, 2500000): 29.9 ms, 239.3 W, 39475.7 MiB -> 83636375.8 Tput, 349445.1 Tput/W
fft(2048, 1250000): 29.6 ms, 241.6 W, 39475.4 MiB -> 42192811.0 Tput, 174622.2 Tput/W
fft(4096, 625000): 29.5 ms, 245.2 W, 39492.0 MiB -> 21162910.4 Tput, 86318.1 Tput/W
fft(8192, 312500): 29.8 ms, 248.7 W, 39492.0 MiB -> 10496051.8 Tput, 42210.3 Tput/W
complex_poly(1024, 1700000): 91.7 ms, 222.0 W, 40261.8 MiB -> 18546560.6 Tput, 83558.7 Tput/W
complex_poly(2048, 850000): 91.1 ms, 223.0 W, 40267.3 MiB -> 9328245.6 Tput, 41832.0 Tput/W
complex_poly(4096, 425000): 90.9 ms, 226.0 W, 40261.8 MiB -> 4673596.1 Tput, 20678.1 Tput/W
real_poly(1024, 1400000): 59.0 ms, 224.5 W, 38716.3 MiB -> 23748013.2 Tput, 105780.9 Tput/W
real_poly(2048, 700000): 58.9 ms, 229.4 W, 38701.9 MiB -> 11884872.9 Tput, 51803.0 Tput/W
real_poly(4096, 350000): 58.8 ms, 228.2 W, 38697.9 MiB -> 5950771.8 Tput, 26073.1 Tput/W
real_poly(8192, 175000): 59.0 ms, 226.0 W, 38710.0 MiB -> 2968406.0 Tput, 13132.2 Tput/W

Half Precision:
fft(1024, 2000000): 12.0 ms, 270.3 W, 23835.1 MiB -> 166563952.2 Tput, 616187.2 Tput/W
fft(2048, 1000000): 12.0 ms, 280.3 W, 23835.5 MiB -> 83313199.3 Tput, 297254.7 Tput/W
fft(4096, 500000): 12.0 ms, 255.0 W, 23835.8 MiB -> 41711158.6 Tput, 163543.8 Tput/W
fft(8192, 250000): 12.1 ms, 269.0 W, 23822.6 MiB -> 20718861.6 Tput, 77033.3 Tput/W
fft(16384, 125000): 23.7 ms, 299.2 W, 23841.3 MiB -> 5271570.2 Tput, 17620.0 Tput/W
complex_poly(1024, 2000000): 53.9 ms, 249.1 W, 31674.0 MiB -> 37089787.0 Tput, 148886.5 Tput/W
complex_poly(2048, 1000000): 53.9 ms, 254.7 W, 31668.6 MiB -> 18552703.6 Tput, 72849.8 Tput/W
complex_poly(4096, 500000): 53.9 ms, 238.6 W, 31663.0 MiB -> 9282465.4 Tput, 38896.6 Tput/W
complex_poly(8192, 250000): 54.1 ms, 249.0 W, 31663.4 MiB -> 4620320.5 Tput, 18557.2 Tput/W
real_poly(1024, 2000000): 43.9 ms, 263.8 W, 39485.5 MiB -> 45569401.1 Tput, 172716.7 Tput/W
real_poly(2048, 1000000): 46.1 ms, 263.2 W, 39492.8 MiB -> 21677021.1 Tput, 82357.7 Tput/W
real_poly(4096, 500000): 42.4 ms, 254.4 W, 39475.0 MiB -> 11780061.5 Tput, 46301.1 Tput/W
real_poly(8192, 250000): 49.7 ms, 243.2 W, 39487.1 MiB -> 5031973.2 Tput, 20692.7 Tput/W
real_poly(16384, 125000): 78.2 ms, 258.5 W, 39488.0 MiB -> 1599154.6 Tput, 6187.1 Tput/W
